Build started 3/3/2016 5:04:20 PM.
     1>Project "C:\Users\mwitt18\Documents\GitHub\CS-172\Exam1\Exam1\Exam1\Exam1.vcxproj" on node 2 (Build target(s)).
     1>ClCompile:
         C:\Program Files (x86)\Microsoft Visual Studio 14.0\VC\bin\CL.exe /c /ZI /nologo /W3 /WX- /Od /Oy- /D WIN32 /D _DEBUG /D _CONSOLE /D _UNICODE /D UNICODE /Gm /EHsc /RTC1 /MDd /GS /fp:precise /Zc:wchar_t /Zc:forScope /Zc:inline /Fo"Debug\\" /Fd"Debug\vc140.pdb" /Gd /TP /analyze- /errorReport:prompt Event.cpp Venue.cpp main.cpp
         main.cpp
     1>c:\users\mwitt18\documents\github\cs-172\exam1\exam1\exam1\event.h(17): error C3646: 'Title': unknown override specifier
     1>c:\users\mwitt18\documents\github\cs-172\exam1\exam1\exam1\event.h(17): error C4430: missing type specifier - int assumed. Note: C++ does not support default-int
     1>c:\users\mwitt18\documents\github\cs-172\exam1\exam1\exam1\event.h(20): error C2061: syntax error: identifier 'string'
     1>c:\users\mwitt18\documents\github\cs-172\exam1\exam1\exam1\event.h(22): error C3646: 'getTitle': unknown override specifier
     1>c:\users\mwitt18\documents\github\cs-172\exam1\exam1\exam1\event.h(22): error C2059: syntax error: '('
     1>c:\users\mwitt18\documents\github\cs-172\exam1\exam1\exam1\event.h(22): error C2238: unexpected token(s) preceding ';'
     1>c:\users\mwitt18\documents\github\cs-172\exam1\exam1\exam1\event.h(24): error C2061: syntax error: identifier 'string'
     1>c:\users\mwitt18\documents\github\cs-172\exam1\exam1\exam1\venue.h(22): error C2061: syntax error: identifier 'string'
     1>c:\users\mwitt18\documents\github\cs-172\exam1\exam1\exam1\venue.h(24): error C2061: syntax error: identifier 'string'
     1>c:\users\mwitt18\documents\github\cs-172\exam1\exam1\exam1\main.cpp(20): error C2660: 'Venue::addEvent': function does not take 2 arguments
     1>c:\users\mwitt18\documents\github\cs-172\exam1\exam1\exam1\main.cpp(21): error C2660: 'Venue::addEvent': function does not take 2 arguments
     1>c:\users\mwitt18\documents\github\cs-172\exam1\exam1\exam1\main.cpp(22): error C2660: 'Venue::addEvent': function does not take 2 arguments
     1>c:\users\mwitt18\documents\github\cs-172\exam1\exam1\exam1\main.cpp(24): error C2039: 'getTitle': is not a member of 'Event'
         c:\users\mwitt18\documents\github\cs-172\exam1\exam1\exam1\event.h(14): note: see declaration of 'Event'
     1>c:\users\mwitt18\documents\github\cs-172\exam1\exam1\exam1\main.cpp(25): error C2664: 'Event Venue::findEvent(void)': cannot convert argument 1 from 'const char [14]' to 'int'
         c:\users\mwitt18\documents\github\cs-172\exam1\exam1\exam1\main.cpp(25): note: There is no context in which this conversion is possible
     1>c:\users\mwitt18\documents\github\cs-172\exam1\exam1\exam1\main.cpp(25): error C2228: left of '.getTime' must have class/struct/union
     1>c:\users\mwitt18\documents\github\cs-172\exam1\exam1\exam1\main.cpp(26): error C2664: 'Event Venue::findEvent(void)': cannot convert argument 1 from 'const char [6]' to 'int'
         c:\users\mwitt18\documents\github\cs-172\exam1\exam1\exam1\main.cpp(26): note: There is no context in which this conversion is possible
     1>c:\users\mwitt18\documents\github\cs-172\exam1\exam1\exam1\main.cpp(26): error C2228: left of '.getTime' must have class/struct/union
         Venue.cpp
     1>c:\users\mwitt18\documents\github\cs-172\exam1\exam1\exam1\venue.h(16): error C3646: 'scheduledEvents': unknown override specifier
     1>c:\users\mwitt18\documents\github\cs-172\exam1\exam1\exam1\venue.h(16): error C2143: syntax error: missing ',' before '['
     1>c:\users\mwitt18\documents\github\cs-172\exam1\exam1\exam1\venue.h(16): error C2143: syntax error: missing ')' before ';'
     1>c:\users\mwitt18\documents\github\cs-172\exam1\exam1\exam1\venue.h(16): error C2238: unexpected token(s) preceding ';'
     1>c:\users\mwitt18\documents\github\cs-172\exam1\exam1\exam1\venue.h(21): error C2460: 'Venue::Event': uses 'Venue', which is being defined
         c:\users\mwitt18\documents\github\cs-172\exam1\exam1\exam1\venue.h(14): note: see declaration of 'Venue'
     1>c:\users\mwitt18\documents\github\cs-172\exam1\exam1\exam1\venue.h(22): error C2061: syntax error: identifier 'string'
     1>c:\users\mwitt18\documents\github\cs-172\exam1\exam1\exam1\venue.h(23): error C3646: 'findEvent': unknown override specifier
     1>c:\users\mwitt18\documents\github\cs-172\exam1\exam1\exam1\venue.h(23): error C2059: syntax error: '('
     1>c:\users\mwitt18\documents\github\cs-172\exam1\exam1\exam1\venue.h(23): error C2238: unexpected token(s) preceding ';'
     1>c:\users\mwitt18\documents\github\cs-172\exam1\exam1\exam1\venue.h(24): error C3646: 'findEvent': unknown override specifier
     1>c:\users\mwitt18\documents\github\cs-172\exam1\exam1\exam1\venue.h(24): error C2059: syntax error: '('
     1>c:\users\mwitt18\documents\github\cs-172\exam1\exam1\exam1\venue.h(24): error C2238: unexpected token(s) preceding ';'
     1>c:\users\mwitt18\documents\github\cs-172\exam1\exam1\exam1\event.h(17): error C3646: 'Title': unknown override specifier
     1>c:\users\mwitt18\documents\github\cs-172\exam1\exam1\exam1\event.h(17): error C4430: missing type specifier - int assumed. Note: C++ does not support default-int
     1>c:\users\mwitt18\documents\github\cs-172\exam1\exam1\exam1\event.h(20): error C2061: syntax error: identifier 'string'
     1>c:\users\mwitt18\documents\github\cs-172\exam1\exam1\exam1\event.h(22): error C3646: 'getTitle': unknown override specifier
     1>c:\users\mwitt18\documents\github\cs-172\exam1\exam1\exam1\event.h(22): error C2059: syntax error: '('
     1>c:\users\mwitt18\documents\github\cs-172\exam1\exam1\exam1\event.h(22): error C2238: unexpected token(s) preceding ';'
     1>c:\users\mwitt18\documents\github\cs-172\exam1\exam1\exam1\event.h(24): error C2061: syntax error: identifier 'string'
     1>c:\users\mwitt18\documents\github\cs-172\exam1\exam1\exam1\venue.cpp(22): error C2065: 'scheduledEvents': undeclared identifier
     1>c:\users\mwitt18\documents\github\cs-172\exam1\exam1\exam1\venue.cpp(22): error C2228: left of '.getTime' must have class/struct/union
     1>c:\users\mwitt18\documents\github\cs-172\exam1\exam1\exam1\venue.cpp(23): error C2065: 'scheduledEvents': undeclared identifier
     1>c:\users\mwitt18\documents\github\cs-172\exam1\exam1\exam1\venue.cpp(23): error C2228: left of '.getTime' must have class/struct/union
     1>c:\users\mwitt18\documents\github\cs-172\exam1\exam1\exam1\venue.cpp(28): error C2601: 'Venue::addEvent': local function definitions are illegal
         c:\users\mwitt18\documents\github\cs-172\exam1\exam1\exam1\venue.cpp(17): note: this line contains a '{' which has not yet been matched
     1>c:\users\mwitt18\documents\github\cs-172\exam1\exam1\exam1\venue.cpp(36): error C2039: 'findEvent': is not a member of 'Venue'
         c:\users\mwitt18\documents\github\cs-172\exam1\exam1\exam1\venue.h(14): note: see declaration of 'Venue'
     1>c:\users\mwitt18\documents\github\cs-172\exam1\exam1\exam1\venue.cpp(42): error C2065: 'scheduledEvents': undeclared identifier
     1>c:\users\mwitt18\documents\github\cs-172\exam1\exam1\exam1\venue.cpp(42): error C2228: left of '.getTime' must have class/struct/union
     1>c:\users\mwitt18\documents\github\cs-172\exam1\exam1\exam1\venue.cpp(43): error C2065: 'scheduledEvents': undeclared identifier
     1>c:\users\mwitt18\documents\github\cs-172\exam1\exam1\exam1\venue.cpp(43): error C2228: left of '.getTime' must have class/struct/union
     1>c:\users\mwitt18\documents\github\cs-172\exam1\exam1\exam1\venue.cpp(44): error C2065: 'scheduledEvents': undeclared identifier
     1>c:\users\mwitt18\documents\github\cs-172\exam1\exam1\exam1\venue.cpp(44): error C2228: left of '.getTitle' must have class/struct/union
     1>c:\users\mwitt18\documents\github\cs-172\exam1\exam1\exam1\venue.cpp(47): error C2039: 'findEvent': is not a member of 'Venue'
         c:\users\mwitt18\documents\github\cs-172\exam1\exam1\exam1\venue.h(14): note: see declaration of 'Venue'
     1>c:\users\mwitt18\documents\github\cs-172\exam1\exam1\exam1\venue.cpp(47): error C2601: 'findEvent': local function definitions are illegal
         c:\users\mwitt18\documents\github\cs-172\exam1\exam1\exam1\venue.cpp(36): note: this line contains a '{' which has not yet been matched
     1>c:\users\mwitt18\documents\github\cs-172\exam1\exam1\exam1\venue.cpp(36): fatal error C1075: the left brace '{' was unmatched at the end of the file
         Event.cpp
     1>c:\users\mwitt18\documents\github\cs-172\exam1\exam1\exam1\event.h(17): error C3646: 'Title': unknown override specifier
     1>c:\users\mwitt18\documents\github\cs-172\exam1\exam1\exam1\event.h(17): error C4430: missing type specifier - int assumed. Note: C++ does not support default-int
     1>c:\users\mwitt18\documents\github\cs-172\exam1\exam1\exam1\event.h(20): error C2061: syntax error: identifier 'string'
     1>c:\users\mwitt18\documents\github\cs-172\exam1\exam1\exam1\event.h(22): error C3646: 'getTitle': unknown override specifier
     1>c:\users\mwitt18\documents\github\cs-172\exam1\exam1\exam1\event.h(22): error C2059: syntax error: '('
     1>c:\users\mwitt18\documents\github\cs-172\exam1\exam1\exam1\event.h(22): error C2238: unexpected token(s) preceding ';'
     1>c:\users\mwitt18\documents\github\cs-172\exam1\exam1\exam1\event.h(24): error C2061: syntax error: identifier 'string'
     1>c:\users\mwitt18\documents\github\cs-172\exam1\exam1\exam1\venue.h(22): error C2061: syntax error: identifier 'string'
     1>c:\users\mwitt18\documents\github\cs-172\exam1\exam1\exam1\venue.h(24): error C2061: syntax error: identifier 'string'
     1>c:\users\mwitt18\documents\github\cs-172\exam1\exam1\exam1\event.cpp(19): error C2065: 'Title': undeclared identifier
     1>c:\users\mwitt18\documents\github\cs-172\exam1\exam1\exam1\event.cpp(22): error C2511: 'Event::Event(int,std::string)': overloaded member function not found in 'Event'
         c:\users\mwitt18\documents\github\cs-172\exam1\exam1\exam1\event.h(14): note: see declaration of 'Event'
     1>c:\users\mwitt18\documents\github\cs-172\exam1\exam1\exam1\event.cpp(23): error C2597: illegal reference to non-static member 'Event::Time'
     1>c:\users\mwitt18\documents\github\cs-172\exam1\exam1\exam1\event.cpp(24): error C2065: 'Title': undeclared identifier
     1>c:\users\mwitt18\documents\github\cs-172\exam1\exam1\exam1\event.cpp(31): error C2039: 'getTitle': is not a member of 'Event'
         c:\users\mwitt18\documents\github\cs-172\exam1\exam1\exam1\event.h(14): note: see declaration of 'Event'
     1>c:\users\mwitt18\documents\github\cs-172\exam1\exam1\exam1\event.cpp(32): error C2065: 'Title': undeclared identifier
     1>c:\users\mwitt18\documents\github\cs-172\exam1\exam1\exam1\event.cpp(39): error C2511: 'void Event::setTitle(std::string)': overloaded member function not found in 'Event'
         c:\users\mwitt18\documents\github\cs-172\exam1\exam1\exam1\event.h(14): note: see declaration of 'Event'
     1>c:\users\mwitt18\documents\github\cs-172\exam1\exam1\exam1\event.cpp(40): error C2065: 'Title': undeclared identifier
         Generating Code...
     1>Done Building Project "C:\Users\mwitt18\Documents\GitHub\CS-172\Exam1\Exam1\Exam1\Exam1.vcxproj" (Build target(s)) -- FAILED.

Build FAILED.

Time Elapsed 00:00:00.96
